

***********************************************************************
Fatal NI connect error 12170.

  VERSION INFORMATION:
	TNS for 32-bit Windows: Version 10.2.0.1.0 - Production
	Windows NT TCP/IP NT Protocol Adapter for 32-bit Windows: Version 10.2.0.1.0 - Production
  Time: 13-DES-2016 20:28:43
  Tracing not turned on.
  Tns error struct:
    ns main err code: 12535
    TNS-12535: TNS:operation timed out
    ns secondary err code: 12560
    nt main err code: 505
    TNS-00505: Operation timed out
    nt secondary err code: 60
    nt OS err code: 0
  Client address: <unknown>


***********************************************************************
Fatal NI connect error 12170.

  VERSION INFORMATION:
	TNS for 32-bit Windows: Version 10.2.0.1.0 - Production
	Windows NT TCP/IP NT Protocol Adapter for 32-bit Windows: Version 10.2.0.1.0 - Production
  Time: 13-DES-2016 20:30:25
  Tracing not turned on.
  Tns error struct:
    ns main err code: 12535
    TNS-12535: TNS:operation timed out
    ns secondary err code: 12560
    nt main err code: 505
    TNS-00505: Operation timed out
    nt secondary err code: 60
    nt OS err code: 0
  Client address: <unknown>


***********************************************************************
Fatal NI connect error 12170.

  VERSION INFORMATION:
	TNS for 32-bit Windows: Version 10.2.0.1.0 - Production
	Windows NT TCP/IP NT Protocol Adapter for 32-bit Windows: Version 10.2.0.1.0 - Production
  Time: 13-DES-2016 20:30:54
  Tracing not turned on.
  Tns error struct:
    ns main err code: 12535
    TNS-12535: TNS:operation timed out
    ns secondary err code: 12560
    nt main err code: 505
    TNS-00505: Operation timed out
    nt secondary err code: 60
    nt OS err code: 0
  Client address: <unknown>


***********************************************************************
Fatal NI connect error 12170.

  VERSION INFORMATION:
	TNS for 32-bit Windows: Version 10.2.0.1.0 - Production
	Windows NT TCP/IP NT Protocol Adapter for 32-bit Windows: Version 10.2.0.1.0 - Production
  Time: 13-DES-2016 20:32:58
  Tracing not turned on.
  Tns error struct:
    ns main err code: 12535
    TNS-12535: TNS:operation timed out
    ns secondary err code: 12560
    nt main err code: 505
    TNS-00505: Operation timed out
    nt secondary err code: 60
    nt OS err code: 0
  Client address: <unknown>


***********************************************************************
Fatal NI connect error 12170.

  VERSION INFORMATION:
	TNS for 32-bit Windows: Version 10.2.0.1.0 - Production
	Windows NT TCP/IP NT Protocol Adapter for 32-bit Windows: Version 10.2.0.1.0 - Production
  Time: 14-DES-2016 11:19:41
  Tracing not turned on.
  Tns error struct:
    ns main err code: 12535
    TNS-12535: TNS:operation timed out
    ns secondary err code: 12560
    nt main err code: 505
    TNS-00505: Operation timed out
    nt secondary err code: 60
    nt OS err code: 0
  Client address: <unknown>


***********************************************************************
Fatal NI connect error 12170.

  VERSION INFORMATION:
	TNS for 32-bit Windows: Version 10.2.0.1.0 - Production
	Windows NT TCP/IP NT Protocol Adapter for 32-bit Windows: Version 10.2.0.1.0 - Production
  Time: 14-DES-2016 11:20:13
  Tracing not turned on.
  Tns error struct:
    ns main err code: 12535
    TNS-12535: TNS:operation timed out
    ns secondary err code: 12560
    nt main err code: 505
    TNS-00505: Operation timed out
    nt secondary err code: 60
    nt OS err code: 0
  Client address: <unknown>


***********************************************************************
Fatal NI connect error 12170.

  VERSION INFORMATION:
	TNS for 32-bit Windows: Version 10.2.0.1.0 - Production
	Windows NT TCP/IP NT Protocol Adapter for 32-bit Windows: Version 10.2.0.1.0 - Production
  Time: 14-DES-2016 15:04:57
  Tracing not turned on.
  Tns error struct:
    ns main err code: 12535
    TNS-12535: TNS:operation timed out
    ns secondary err code: 12560
    nt main err code: 505
    TNS-00505: Operation timed out
    nt secondary err code: 60
    nt OS err code: 0
  Client address: <unknown>


***********************************************************************
Fatal NI connect error 12170.


***********************************************************************
  VERSION INFORMATION:
	TNS for 32-bit Windows: Version 10.2.0.1.0 - Production
	Windows NT TCP/IP NT Protocol Adapter for 32-bit Windows: Version 10.2.0.1.0 - Production

Fatal NI connect error 12170.
  Time: 14-DES-2016 15:47:26

  VERSION INFORMATION:
	TNS for 32-bit Windows: Version 10.2.0.1.0 - Production
	Windows NT TCP/IP NT Protocol Adapter for 32-bit Windows: Version 10.2.0.1.0 - Production
  Tracing not turned on.
  Time: 14-DES-2016 15:47:26
    ns main err code: 12535
    acing not turned on.
  Tns error struct:
    ns main err code: 12535
    TNS-12535: TNS:operation timed out
    ns secondary err code: 12560
    nt main err code: 505
    TNS-00505: Operation timed out
    nt secondary err code: 60
    nt OS err code: 0
  Client address: (ADDRESS=(PROTOCOL=tcp)(HOST=10.151.34.248)(PORT=1521))
TNS-12535: TNS:operation timed out
    ns secondary err code: 12560
    nt main err code: 505
    TNS-00505: Operation timed out
    nt secondary err code: 60
    nt OS err code: 0
  Client address: (ADDRESS=(PROTOCOL=tcp)(HOST=10.151.34.248)(PORT=1521))


***********************************************************************
Fatal NI connect error 12170.

  VERSION INFORMATION:
	TNS for 32-bit Windows: Version 10.2.0.1.0 - Production
	Windows NT TCP/IP NT Protocol Adapter for 32-bit Windows: Version 10.2.0.1.0 - Production
  Time: 14-DES-2016 15:47:26
  Tracing not turned on.
  Tns error struct:
    ns main err code: 12535
    TNS-12535: TNS:operation timed out
    ns secondary err code: 12560
    nt main err code: 505
    TNS-00505: Operation timed out
    nt secondary err code: 60
    nt OS err code: 0
  Client address: (ADDRESS=(PROTOCOL=tcp)(HOST=10.151.34.248)(PORT=1521))


***********************************************************************
Fatal NI connect error 12170.

  VERSION INFORMATION:
	TNS for 32-bit Windows: Version 10.2.0.1.0 - Production
	Windows NT TCP/IP NT Protocol Adapter for 32-bit Windows: Version 10.2.0.1.0 - Production
  Time: 14-DES-2016 17:16:11
  Tracing not turned on.
  Tns error struct:
    ns main err code: 12535
    TNS-12535: TNS:operation timed out
    ns secondary err code: 12560
    nt main err code: 505
    TNS-00505: Operation timed out
    nt secondary err code: 60
    nt OS err code: 0
  Client address: <unknown>


***********************************************************************
Fatal NI connect error 12170.

  VERSION INFORMATION:
	TNS for 32-bit Windows: Version 10.2.0.1.0 - Production
	Windows NT TCP/IP NT Protocol Adapter for 32-bit Windows: Version 10.2.0.1.0 - Production
  Time: 15-DES-2016 13:23:42
  Tracing not turned on.
  Tns error struct:
    ns main err code: 12535
    TNS-12535: TNS:operation timed out
    ns secondary err code: 12560
    nt main err code: 505
    TNS-00505: Operation timed out
    nt secondary err code: 60
    nt OS err code: 0
  Client address: <unknown>


***********************************************************************
Fatal NI connect error 12170.

  VERSION INFORMATION:
	TNS for 32-bit Windows: Version 10.2.0.1.0 - Production
	Windows NT TCP/IP NT Protocol Adapter for 32-bit Windows: Version 10.2.0.1.0 - Production
  Time: 24-DES-2016 09:47:13
  Tracing not turned on.
  Tns error struct:
    ns main err code: 12535
    TNS-12535: TNS:operation timed out
    ns secondary err code: 12560
    nt main err code: 505
    TNS-00505: Operation timed out
    nt secondary err code: 60
    nt OS err code: 0
  Client address: <unknown>


***********************************************************************
Fatal NI connect error 12170.

  VERSION INFORMATION:
	TNS for 32-bit Windows: Version 10.2.0.1.0 - Production
	Windows NT TCP/IP NT Protocol Adapter for 32-bit Windows: Version 10.2.0.1.0 - Production
  Time: 28-DES-2016 19:20:43
  Tracing not turned on.
  Tns error struct:
    ns main err code: 12535
    TNS-12535: TNS:operation timed out
    ns secondary err code: 12560
    nt main err code: 505
    TNS-00505: Operation timed out
    nt secondary err code: 60
    nt OS err code: 0
  Client address: <unknown>


***********************************************************************
Fatal NI connect error 12170.

  VERSION INFORMATION:
	TNS for 32-bit Windows: Version 10.2.0.1.0 - Production
	Windows NT TCP/IP NT Protocol Adapter for 32-bit Windows: Version 10.2.0.1.0 - Production
  Time: 02-MAR-2017 10:58:09
  Tracing not turned on.
  Tns error struct:
    ns main err code: 12535
    TNS-12535: TNS:operation timed out
    ns secondary err code: 12560
    nt main err code: 505
    TNS-00505: Operation timed out
    nt secondary err code: 60
    nt OS err code: 0
  Client address: <unknown>


***********************************************************************
Fatal NI connect error 12170.

  VERSION INFORMATION:
	TNS for 32-bit Windows: Version 10.2.0.1.0 - Production
	Windows NT TCP/IP NT Protocol Adapter for 32-bit Windows: Version 10.2.0.1.0 - Production
  Time: 03-MAR-2017 14:49:26
  Tracing not turned on.
  Tns error struct:
    ns main err code: 12535
    TNS-12535: TNS:operation timed out
    ns secondary err code: 12560
    nt main err code: 505
    TNS-00505: Operation timed out
    nt secondary err code: 60
    nt OS err code: 0
  Client address: <unknown>


***********************************************************************
Fatal NI connect error 12170.

  VERSION INFORMATION:
	TNS for 32-bit Windows: Version 10.2.0.1.0 - Production
	Windows NT TCP/IP NT Protocol Adapter for 32-bit Windows: Version 10.2.0.1.0 - Production
  Time: 03-MAR-2017 14:50:01
  Tracing not turned on.
  Tns error struct:
    ns main err code: 12535
    TNS-12535: TNS:operation timed out
    ns secondary err code: 12560
    nt main err code: 505
    TNS-00505: Operation timed out
    nt secondary err code: 60
    nt OS err code: 0
  Client address: <unknown>


***********************************************************************
Fatal NI connect error 12170.

  VERSION INFORMATION:
	TNS for 32-bit Windows: Version 10.2.0.1.0 - Production
	Windows NT TCP/IP NT Protocol Adapter for 32-bit Windows: Version 10.2.0.1.0 - Production
  Time: 03-MAR-2017 14:56:41
  Tracing not turned on.
  Tns error struct:
    ns main err code: 12535
    TNS-12535: TNS:operation timed out
    ns secondary err code: 12560
    nt main err code: 505
    TNS-00505: Operation timed out
    nt secondary err code: 60
    nt OS err code: 0
  Client address: <unknown>


***********************************************************************

***********************************************************************
Fatal NI connect error 12516, connecting to:
 (DESCRIPTION=(CONNECT_DATA=(SERVICE_NAME=xe)(CID=(PROGRAM=C:\Python27\python.exe)(HOST=DEMSYIMAN)(USER=lenovo)))(ADDRESS=(PROTOCOL=TCP)(HOST=127.0.0.1)(PORT=1521)))

Fatal NI connect error 12516, connecting to:
 (DESCRIPTION=(CONNECT_DATA=(SERVICE_NAME=xe)(CID=(PROGRAM=C:\Python27\python.exe)(HOST=DEMSYIMAN)(USER=lenovo)))(ADDRESS=(PROTOCOL=TCP)(HOST=127.0.0.1)(PORT=1521)))

  VERSION INFORMATION:
	TNS for 32-bit Windows: Version 10.2.0.1.0 - Production
	Windows NT TCP/IP NT Protocol Adapter for 32-bit Windows: Version 10.2.0.1.0 - Production

  VERSION INFORMATION:
	TNS for 32-bit Windows: Version 10.2.0.1.0 - Production
	Windows NT TCP/IP NT Protocol Adapter for 32-bit Windows: Version 10.2.0.1.0 - Production
  Time: 09-MAR-2017 14:05:19
  Tracing not turned on.
19
  Tracing not turned on.
  Tns error struct:
    ns main err code: 12564
    ns main err code: 12564
        

***********************************************************************
Fatal NI connect error 12516, connecting to:
 (DESCRIPTION=(CONNECT_DATA=(SERVICE_NAME=xe)(CID=(PROGRAM=C:\Python27\python.exe)(HOST=DEMSYIMAN)(USER=lenovo)))(ADDRESS=(PROTOCOL=TCP)(HOST=127.0.0.1)(PORT=1521)))

  VERSION INFORMATION:
	TNS for 32-bit Windows: Version 10.2.0.1.0 - Production
	Windows NT TCP/IP NT Protocol Adapter for 32-bit Windows: Version 10.2.0.1.0 - Production
  Time: 09-MAR-2017 14:05:19
  Tracing not turned on.
  Tns error struct:
    ns main err code: 12564
    
Fatal NI connect error 12516, connecting to:
 (DESCRIPTION=(CONNECT_DATA=(SERVICE_NAME=xe)(CID=(PROGRAM=C:\Python27\python.exe)(HOST=DEMSYIMAN)(USER=lenovo)))(ADDRESS=(PROTOCOL=TCP)(HOST=127.0.0.1)(PORT=1521)))

  VERSION INFORMATION:
	TNS for 32-bit Windows: Version 10.2.0.1.0 - Production
	Windows NT TCP/IP NT Protocol Adapter for 32-bit Windows: Version 10.2.0.1.0 - Production
  Time: 09-MAR-2017 14:05:19
  Tracing not turned on.
  Tns error struct:
    ns main err code: 12564
    TNS-12564: TNS:connection refused
    ns secondary err code: 0
    nt main err code: 0
    nt secondary err code: 0
    nt OS err code: 0
TNS-12564: TNS:connection refused
    ns secondary err code: 0
    nt main err code: 0
    nt secondary err code: 0
    nt OS err code: 0
TNS-12564: TNS:connection refused
    ns secondary err code: 0
    nt main err code: 0
    nt secondary err code: 0
    nt OS err code: 0
TNS-12564: TNS:connection refused
    ns secondary err code: 0
    nt main err code: 0
    nt secondary err code: 0
    nt OS err code: 0


***********************************************************************
Fatal NI connect error 12516, connecting to:
 (DESCRIPTION=(CONNECT_DATA=(SERVICE_NAME=xe)(CID=(PROGRAM=C:\Python27\python.exe)(HOST=DEMSYIMAN)(USER=lenovo)))(ADDRESS=(PROTOCOL=TCP)(HOST=127.0.0.1)(PORT=1521)))

  VERSION INFORMATION:
	TNS for 32-bit Windows: Version 10.2.0.1.0 - Production
	Windows NT TCP/IP NT Protocol Adapter for 32-bit Windows: Version 10.2.0.1.0 - Production
  Time: 09-MAR-2017 14:05:20
  Tracing not turned on.
  Tns error struct:
    ns main err code: 12564
    TNS-12564: TNS:connection refused
    ns secondary err code: 0
    nt main err code: 0
    nt secondary err code: 0
    nt OS err code: 0


***********************************************************************
Fatal NI connect error 12516, connecting to:
 (DESCRIPTION=(CONNECT_DATA=(SERVICE_NAME=xe)(CID=(PROGRAM=C:\Python27\python.exe)(HOST=DEMSYIMAN)(USER=lenovo)))(ADDRESS=(PROTOCOL=TCP)(HOST=127.0.0.1)(PORT=1521)))

  VERSION INFORMATION:
	TNS for 32-bit Windows: Version 10.2.0.1.0 - Production
	Windows NT TCP/IP NT Protocol Adapter for 32-bit Windows: Version 10.2.0.1.0 - Production
  Time: 09-MAR-2017 14:05:21
  Tracing not turned on.
  Tns error struct:
    ns main err code: 12564
    TNS-12564: TNS:connection refused
    ns secondary err code: 0
    nt main err code: 0
    nt secondary err code: 0
    nt OS err code: 0


***********************************************************************
Fatal NI connect error 12516, connecting to:
 (DESCRIPTION=(CONNECT_DATA=(SERVICE_NAME=xe)(CID=(PROGRAM=C:\Python27\python.exe)(HOST=DEMSYIMAN)(USER=lenovo)))(ADDRESS=(PROTOCOL=TCP)(HOST=127.0.0.1)(PORT=1521)))

  VERSION INFORMATION:
	TNS for 32-bit Windows: Version 10.2.0.1.0 - Production
	Windows NT TCP/IP NT Protocol Adapter for 32-bit Windows: Version 10.2.0.1.0 - Production
  Time: 09-MAR-2017 14:05:21
  Tracing not turned on.
  Tns error struct:
    ns main err code: 12564
    TNS-12564: TNS:connection refused
    ns secondary err code: 0
    nt main err code: 0
    nt secondary err code: 0
    nt OS err code: 0


***********************************************************************
Fatal NI connect error 12516, connecting to:
 (DESCRIPTION=(CONNECT_DATA=(SERVICE_NAME=xe)(CID=(PROGRAM=C:\Python27\python.exe)(HOST=DEMSYIMAN)(USER=lenovo)))(ADDRESS=(PROTOCOL=TCP)(HOST=127.0.0.1)(PORT=1521)))

  VERSION INFORMATION:
	TNS for 32-bit Windows: Version 10.2.0.1.0 - Production
	Windows NT TCP/IP NT Protocol Adapter for 32-bit Windows: Version 10.2.0.1.0 - Production
  Time: 09-MAR-2017 14:05:21
  Tracing not turned on.
  Tns error struct:
    ns main err code: 12564
    TNS-12564: TNS:connection refused
    ns secondary err code: 0
    nt main err code: 0
    nt secondary err code: 0
    nt OS err code: 0


***********************************************************************
Fatal NI connect error 12516, connecting to:
 (DESCRIPTION=(CONNECT_DATA=(SERVICE_NAME=xe)(CID=(PROGRAM=C:\Python27\python.exe)(HOST=DEMSYIMAN)(USER=lenovo)))(ADDRESS=(PROTOCOL=TCP)(HOST=127.0.0.1)(PORT=1521)))

  VERSION INFORMATION:
	TNS for 32-bit Windows: Version 10.2.0.1.0 - Production
	Windows NT TCP/IP NT Protocol Adapter for 32-bit Windows: Version 10.2.0.1.0 - Production
  Time: 09-MAR-2017 14:05:24
  Tracing not turned on.
  Tns error struct:
    ns main err code: 12564
    TNS-12564: TNS:connection refused
    ns secondary err code: 0
    nt main err code: 0
    nt secondary err code: 0
    nt OS err code: 0


***********************************************************************
Fatal NI connect error 12516, connecting to:
 (DESCRIPTION=(CONNECT_DATA=(SERVICE_NAME=xe)(CID=(PROGRAM=C:\Python27\python.exe)(HOST=DEMSYIMAN)(USER=lenovo)))(ADDRESS=(PROTOCOL=TCP)(HOST=127.0.0.1)(PORT=1521)))

  VERSION INFORMATION:
	TNS for 32-bit Windows: Version 10.2.0.1.0 - Production
	Windows NT TCP/IP NT Protocol Adapter for 32-bit Windows: Version 10.2.0.1.0 - Production
  Time: 09-MAR-2017 14:05:24
  Tracing not turned on.
  Tns error struct:
    ns main err code: 12564
    TNS-12564: TNS:connection refused
    ns secondary err code: 0
    nt main err code: 0
    nt secondary err code: 0
    nt OS err code: 0


***********************************************************************
Fatal NI connect error 12516, connecting to:
 (DESCRIPTION=(CONNECT_DATA=(SERVICE_NAME=xe)(CID=(PROGRAM=C:\Python27\python.exe)(HOST=DEMSYIMAN)(USER=lenovo)))(ADDRESS=(PROTOCOL=TCP)(HOST=127.0.0.1)(PORT=1521)))

  VERSION INFORMATION:
	TNS for 32-bit Windows: Version 10.2.0.1.0 - Production
	Windows NT TCP/IP NT Protocol Adapter for 32-bit Windows: Version 10.2.0.1.0 - Production
  Time: 09-MAR-2017 14:43:26
  Tracing not turned on.
  Tns error struct:
    ns main err code: 12564
    TNS-12564: TNS:connection refused
    ns secondary err code: 0
    nt main err code: 0
    nt secondary err code: 0
    nt OS err code: 0


***********************************************************************
Fatal NI connect error 12516, connecting to:
 (DESCRIPTION=(CONNECT_DATA=(SERVICE_NAME=xe)(CID=(PROGRAM=C:\Python27\python.exe)(HOST=DEMSYIMAN)(USER=lenovo)))(ADDRESS=(PROTOCOL=TCP)(HOST=127.0.0.1)(PORT=1521)))

  VERSION INFORMATION:
	TNS for 32-bit Windows: Version 10.2.0.1.0 - Production
	Windows NT TCP/IP NT Protocol Adapter for 32-bit Windows: Version 10.2.0.1.0 - Production
  Time: 09-MAR-2017 14:43:28
  Tracing not turned on.
  Tns error struct:
    ns main err code: 12564
    TNS-12564: TNS:connection refused
    ns secondary err code: 0
    nt main err code: 0
    nt secondary err code: 0
    nt OS err code: 0


***********************************************************************
Fatal NI connect error 12516, connecting to:
 (DESCRIPTION=(CONNECT_DATA=(SERVICE_NAME=xe)(CID=(PROGRAM=C:\Python27\python.exe)(HOST=DEMSYIMAN)(USER=lenovo)))(ADDRESS=(PROTOCOL=TCP)(HOST=127.0.0.1)(PORT=1521)))

  VERSION INFORMATION:
	TNS for 32-bit Windows: Version 10.2.0.1.0 - Production
	Windows NT TCP/IP NT Protocol Adapter for 32-bit Windows: Version 10.2.0.1.0 - Production
  Time: 09-MAR-2017 14:43:28
  Tracing not turned on.
  Tns error struct:
    ns main err code: 12564
    TNS-12564: TNS:connection refused
    ns secondary err code: 0
    nt main err code: 0
    nt secondary err code: 0
    nt OS err code: 0


***********************************************************************
Fatal NI connect error 12516, connecting to:
 (DESCRIPTION=(CONNECT_DATA=(SERVICE_NAME=xe)(CID=(PROGRAM=C:\Python27\python.exe)(HOST=DEMSYIMAN)(USER=lenovo)))(ADDRESS=(PROTOCOL=TCP)(HOST=127.0.0.1)(PORT=1521)))

  VERSION INFORMATION:
	TNS for 32-bit Windows: Version 10.2.0.1.0 - Production
	Windows NT TCP/IP NT Protocol Adapter for 32-bit Windows: Version 10.2.0.1.0 - Production
  Time: 09-MAR-2017 14:43:28
  Tracing not turned on.
  Tns error struct:
    ns main err code: 12564
    TNS-12564: TNS:connection refused
    ns secondary err code: 0
    nt main err code: 0
    nt secondary err code: 0
    nt OS err code: 0


***********************************************************************
Fatal NI connect error 12516, connecting to:
 (DESCRIPTION=(CONNECT_DATA=(SERVICE_NAME=xe)(CID=(PROGRAM=C:\Python27\python.exe)(HOST=DEMSYPC)(USER=demsyiman)))(ADDRESS=(PROTOCOL=TCP)(HOST=127.0.0.1)(PORT=1521)))

  VERSION INFORMATION:
	TNS for 32-bit Windows: Version 10.2.0.1.0 - Production
	Windows NT TCP/IP NT Protocol Adapter for 32-bit Windows: Version 10.2.0.1.0 - Production
  Time: 12-MAR-2017 16:05:08
  Tracing not turned on.
  Tns error struct:
    ns main err code: 12564
    TNS-12564: TNS:connection refused
    ns secondary err code: 0
    nt main err code: 0
    nt secondary err code: 0
    nt OS err code: 0


***********************************************************************
Fatal NI connect error 12516, connecting to:
 (DESCRIPTION=(CONNECT_DATA=(SERVICE_NAME=xe)(CID=(PROGRAM=C:\Python27\python.exe)(HOST=DEMSYPC)(USER=demsyiman)))(ADDRESS=(PROTOCOL=TCP)(HOST=127.0.0.1)(PORT=1521)))

  VERSION INFORMATION:
	TNS for 32-bit Windows: Version 10.2.0.1.0 - Production
	Windows NT TCP/IP NT Protocol Adapter for 32-bit Windows: Version 10.2.0.1.0 - Production
  Time: 12-MAR-2017 16:05:10
  Tracing not turned on.
  Tns error struct:
    ns main err code: 12564
    TNS-12564: TNS:connection refused
    ns secondary err code: 0
    nt main err code: 0
    nt secondary err code: 0
    nt OS err code: 0


***********************************************************************
Fatal NI connect error 12516, connecting to:
 (DESCRIPTION=(CONNECT_DATA=(SERVICE_NAME=xe)(CID=(PROGRAM=C:\Python27\python.exe)(HOST=DEMSYPC)(USER=demsyiman)))(ADDRESS=(PROTOCOL=TCP)(HOST=127.0.0.1)(PORT=1521)))

  VERSION INFORMATION:
	TNS for 32-bit Windows: Version 10.2.0.1.0 - Production
	Windows NT TCP/IP NT Protocol Adapter for 32-bit Windows: Version 10.2.0.1.0 - Production
  Time: 12-MAR-2017 16:05:10
  Tracing not turned on.
  Tns error struct:
    ns main err code: 12564
    TNS-12564: TNS:connection refused
    ns secondary err code: 0
    nt main err code: 0
    nt secondary err code: 0
    nt OS err code: 0


***********************************************************************
Fatal NI connect error 12516, connecting to:
 (DESCRIPTION=(CONNECT_DATA=(SERVICE_NAME=xe)(CID=(PROGRAM=C:\Python27\python.exe)(HOST=DEMSYPC)(USER=demsyiman)))(ADDRESS=(PROTOCOL=TCP)(HOST=127.0.0.1)(PORT=1521)))

  VERSION INFORMATION:
	TNS for 32-bit Windows: Version 10.2.0.1.0 - Production
	Windows NT TCP/IP NT Protocol Adapter for 32-bit Windows: Version 10.2.0.1.0 - Production
  Time: 12-MAR-2017 16:05:10
  Tracing not turned on.
  Tns error struct:
    ns main err code: 12564
    TNS-12564: TNS:connection refused
    ns secondary err code: 0
    nt main err code: 0
    nt secondary err code: 0
    nt OS err code: 0


***********************************************************************
Fatal NI connect error 12516, connecting to:
 (DESCRIPTION=(CONNECT_DATA=(SERVICE_NAME=xe)(CID=(PROGRAM=C:\Python27\python.exe)(HOST=DEMSYPC)(USER=demsyiman)))(ADDRESS=(PROTOCOL=TCP)(HOST=127.0.0.1)(PORT=1521)))

  VERSION INFORMATION:
	TNS for 32-bit Windows: Version 10.2.0.1.0 - Production
	Windows NT TCP/IP NT Protocol Adapter for 32-bit Windows: Version 10.2.0.1.0 - Production
  Time: 12-MAR-2017 16:05:11
  Tracing not turned on.
  Tns error struct:
    ns main err code: 12564
    TNS-12564: TNS:connection refused
    ns secondary err code: 0
    nt main err code: 0
    nt secondary err code: 0
    nt OS err code: 0


***********************************************************************
Fatal NI connect error 12516, connecting to:
 (DESCRIPTION=(CONNECT_DATA=(SERVICE_NAME=xe)(CID=(PROGRAM=C:\Python27\python.exe)(HOST=DEMSYPC)(USER=demsyiman)))(ADDRESS=(PROTOCOL=TCP)(HOST=127.0.0.1)(PORT=1521)))

  VERSION INFORMATION:
	TNS for 32-bit Windows: Version 10.2.0.1.0 - Production
	Windows NT TCP/IP NT Protocol Adapter for 32-bit Windows: Version 10.2.0.1.0 - Production
  Time: 12-MAR-2017 16:05:11
  Tracing not turned on.
  Tns error struct:
    ns main err code: 12564
    TNS-12564: TNS:connection refused
    ns secondary err code: 0
    nt main err code: 0
    nt secondary err code: 0
    nt OS err code: 0
